TN:
SF:C:\_Code\Projects\ideabox\client\src\index.js
FN:21,(anonymous_0)
FNF:1
FNH:0
FNDA:0,(anonymous_0)
DA:1,0
DA:2,0
DA:3,0
DA:4,0
DA:5,0
DA:6,0
DA:7,0
DA:8,0
DA:9,0
DA:10,0
DA:11,0
DA:12,0
DA:14,0
DA:15,0
DA:21,0
DA:22,0
DA:23,0
DA:27,0
DA:39,0
LF:19
LH:0
BRF:0
BRH:0
end_of_record
TN:
SF:C:\_Code\Projects\ideabox\client\src\serviceWorker.js
FN:23,register
FN:34,(anonymous_1)
FN:43,(anonymous_2)
FN:57,registerValidSW
FN:60,(anonymous_4)
FN:61,(anonymous_5)
FN:66,(anonymous_6)
FN:96,(anonymous_7)
FN:101,checkValidServiceWorker
FN:104,(anonymous_9)
FN:112,(anonymous_10)
FN:113,(anonymous_11)
FN:122,(anonymous_12)
FN:129,unregister
FN:131,(anonymous_14)
FNF:15
FNH:0
FNDA:0,register
FNDA:0,(anonymous_1)
FNDA:0,(anonymous_2)
FNDA:0,registerValidSW
FNDA:0,(anonymous_4)
FNDA:0,(anonymous_5)
FNDA:0,(anonymous_6)
FNDA:0,(anonymous_7)
FNDA:0,checkValidServiceWorker
FNDA:0,(anonymous_9)
FNDA:0,(anonymous_10)
FNDA:0,(anonymous_11)
FNDA:0,(anonymous_12)
FNDA:0,unregister
FNDA:0,(anonymous_14)
DA:13,0
DA:24,0
DA:26,0
DA:27,0
DA:31,0
DA:34,0
DA:35,0
DA:37,0
DA:39,0
DA:43,0
DA:44,0
DA:51,0
DA:58,0
DA:61,0
DA:62,0
DA:63,0
DA:64,0
DA:66,0
DA:67,0
DA:68,0
DA:72,0
DA:78,0
DA:79,0
DA:85,0
DA:88,0
DA:89,0
DA:97,0
DA:103,0
DA:106,0
DA:107,0
DA:112,0
DA:113,0
DA:114,0
DA:119,0
DA:123,0
DA:130,0
DA:131,0
DA:132,0
LF:38
LH:0
BRDA:14,0,0,0
BRDA:14,0,1,0
BRDA:14,0,2,0
BRDA:24,1,0,0
BRDA:24,1,1,0
BRDA:24,2,0,0
BRDA:24,2,1,0
BRDA:27,3,0,0
BRDA:27,3,1,0
BRDA:37,4,0,0
BRDA:37,4,1,0
BRDA:63,5,0,0
BRDA:63,5,1,0
BRDA:67,6,0,0
BRDA:67,6,1,0
BRDA:68,7,0,0
BRDA:68,7,1,0
BRDA:78,8,0,0
BRDA:78,8,1,0
BRDA:78,9,0,0
BRDA:78,9,1,0
BRDA:88,10,0,0
BRDA:88,10,1,0
BRDA:88,11,0,0
BRDA:88,11,1,0
BRDA:107,12,0,0
BRDA:107,12,1,0
BRDA:108,13,0,0
BRDA:108,13,1,0
BRDA:108,13,2,0
BRDA:130,14,0,0
BRDA:130,14,1,0
BRF:32
BRH:0
end_of_record
TN:
SF:C:\_Code\Projects\ideabox\client\src\setupTests.js
FNF:0
FNH:0
DA:4,18
DA:6,18
DA:8,0
DA:11,0
DA:14,0
DA:17,0
LF:6
LH:2
BRDA:11,0,0,0
BRDA:11,0,1,0
BRF:2
BRH:0
end_of_record
TN:
SF:C:\_Code\Projects\ideabox\client\src\actions\appActions.js
FN:1,(anonymous_0)
FN:5,(anonymous_1)
FN:10,(anonymous_2)
FNF:3
FNH:3
FNDA:1,(anonymous_0)
FNDA:15,(anonymous_1)
FNDA:33,(anonymous_2)
DA:1,10
DA:5,15
DA:10,33
LF:3
LH:3
BRF:0
BRH:0
end_of_record
TN:
SF:C:\_Code\Projects\ideabox\client\src\actions\ideaActions.js
FN:1,(anonymous_0)
FN:6,(anonymous_1)
FNF:2
FNH:2
FNDA:5,(anonymous_0)
FNDA:16,(anonymous_1)
DA:1,10
DA:6,16
LF:2
LH:2
BRF:0
BRH:0
end_of_record
TN:
SF:C:\_Code\Projects\ideabox\client\src\actions\index.js
FNF:0
FNH:0
LF:0
LH:0
BRF:0
BRH:0
end_of_record
TN:
SF:C:\_Code\Projects\ideabox\client\src\api\ideaAPIs.js
FN:3,(anonymous_0)
FN:16,(anonymous_1)
FN:28,(anonymous_2)
FNF:3
FNH:3
FNDA:1,(anonymous_0)
FNDA:1,(anonymous_1)
FNDA:1,(anonymous_2)
DA:3,9
DA:4,1
DA:5,1
DA:13,1
DA:16,9
DA:17,1
DA:18,1
DA:25,1
DA:28,9
DA:29,1
DA:30,1
DA:34,1
LF:12
LH:12
BRF:0
BRH:0
end_of_record
TN:
SF:C:\_Code\Projects\ideabox\client\src\api\index.js
FNF:0
FNH:0
LF:0
LH:0
BRF:0
BRH:0
end_of_record
TN:
SF:C:\_Code\Projects\ideabox\client\src\api\request.js
FN:1,(anonymous_0)
FNF:1
FNH:1
FNDA:3,(anonymous_0)
DA:1,10
DA:2,3
DA:3,3
DA:4,2
DA:5,1
DA:7,1
DA:9,2
LF:7
LH:7
BRDA:4,0,0,1
BRDA:4,0,1,1
BRF:2
BRH:2
end_of_record
TN:
SF:C:\_Code\Projects\ideabox\client\src\components\Error\Error.js
FN:4,(anonymous_0)
FNF:1
FNH:1
FNDA:1,(anonymous_0)
DA:4,3
DA:5,1
LF:2
LH:2
BRF:0
BRH:0
end_of_record
TN:
SF:C:\_Code\Projects\ideabox\client\src\components\IdeaCard\IdeaCard.js
FN:8,(anonymous_0)
FN:17,(anonymous_1)
FN:20,(anonymous_2)
FN:29,(anonymous_3)
FN:34,(anonymous_4)
FN:40,(anonymous_5)
FN:48,(anonymous_6)
FN:58,(anonymous_7)
FN:62,(anonymous_8)
FN:63,(anonymous_9)
FN:65,(anonymous_10)
FNF:11
FNH:11
FNDA:10,(anonymous_0)
FNDA:2,(anonymous_1)
FNDA:2,(anonymous_2)
FNDA:2,(anonymous_3)
FNDA:12,(anonymous_4)
FNDA:1,(anonymous_5)
FNDA:1,(anonymous_6)
FNDA:1,(anonymous_7)
FNDA:2,(anonymous_8)
FNDA:1,(anonymous_9)
FNDA:1,(anonymous_10)
DA:9,10
DA:11,10
DA:18,2
DA:21,2
DA:30,2
DA:31,2
DA:35,12
DA:40,1
DA:48,1
DA:58,3
DA:62,3
DA:64,1
DA:66,1
DA:69,3
LF:14
LH:14
BRF:0
BRH:0
end_of_record
TN:
SF:C:\_Code\Projects\ideabox\client\src\components\IdeaCardForm\IdeaCardForm.js
FN:8,(anonymous_0)
FN:17,(anonymous_1)
FN:25,(anonymous_2)
FN:27,(anonymous_3)
FN:30,(anonymous_4)
FN:34,(anonymous_5)
FN:37,(anonymous_6)
FN:41,(anonymous_7)
FN:49,(anonymous_8)
FN:59,(anonymous_9)
FN:60,(anonymous_10)
FNF:11
FNH:11
FNDA:15,(anonymous_0)
FNDA:7,(anonymous_1)
FNDA:2,(anonymous_2)
FNDA:2,(anonymous_3)
FNDA:5,(anonymous_4)
FNDA:5,(anonymous_5)
FNDA:40,(anonymous_6)
FNDA:1,(anonymous_7)
FNDA:1,(anonymous_8)
FNDA:1,(anonymous_9)
FNDA:1,(anonymous_10)
DA:9,15
DA:11,15
DA:18,7
DA:19,5
DA:21,2
DA:26,2
DA:27,2
DA:31,5
DA:32,5
DA:33,5
DA:34,5
DA:38,40
DA:41,1
DA:49,1
DA:59,2
DA:60,1
DA:63,2
LF:17
LH:17
BRDA:18,0,0,5
BRDA:18,0,1,2
BRF:2
BRH:2
end_of_record
TN:
SF:C:\_Code\Projects\ideabox\client\src\components\Loader\Loader.js
FN:5,(anonymous_0)
FNF:1
FNH:1
FNDA:1,(anonymous_0)
DA:5,3
LF:1
LH:1
BRF:0
BRH:0
end_of_record
TN:
SF:C:\_Code\Projects\ideabox\client\src\containers\App\App.js
FN:7,(anonymous_0)
FN:16,(anonymous_1)
FN:26,(anonymous_2)
FNF:3
FNH:1
FNDA:1,(anonymous_0)
FNDA:0,(anonymous_1)
FNDA:0,(anonymous_2)
DA:7,1
DA:8,1
DA:17,0
DA:26,0
LF:4
LH:2
BRF:0
BRH:0
end_of_record
TN:
SF:C:\_Code\Projects\ideabox\client\src\containers\IdeaContainer\IdeaContainer.js
FN:11,(anonymous_0)
FN:13,(anonymous_1)
FN:20,(anonymous_2)
FN:22,(anonymous_3)
FN:23,(anonymous_4)
FN:25,(anonymous_5)
FN:40,(anonymous_6)
FN:46,(anonymous_7)
FN:47,(anonymous_8)
FNF:9
FNH:9
FNDA:1,(anonymous_0)
FNDA:2,(anonymous_1)
FNDA:12,(anonymous_2)
FNDA:24,(anonymous_3)
FNDA:12,(anonymous_4)
FNDA:13,(anonymous_5)
FNDA:1,(anonymous_6)
FNDA:1,(anonymous_7)
FNDA:1,(anonymous_8)
DA:11,1
DA:14,2
DA:15,2
DA:21,12
DA:22,24
DA:23,12
DA:26,13
DA:40,2
DA:46,2
DA:47,1
DA:50,2
LF:11
LH:11
BRDA:15,0,0,1
BRDA:15,0,1,1
BRDA:28,1,0,1
BRDA:28,1,1,12
BRDA:30,2,0,1
BRDA:30,2,1,11
BRF:6
BRH:6
end_of_record
TN:
SF:C:\_Code\Projects\ideabox\client\src\reducers\appReducer.js
FN:1,(anonymous_0)
FN:10,(anonymous_1)
FNF:2
FNH:2
FNDA:7,(anonymous_0)
FNDA:7,(anonymous_1)
DA:1,2
DA:2,7
DA:4,1
DA:6,6
DA:10,2
DA:11,7
DA:13,1
DA:15,6
LF:8
LH:8
BRDA:1,0,0,4
BRDA:2,1,0,1
BRDA:2,1,1,6
BRDA:10,2,0,4
BRDA:11,3,0,1
BRDA:11,3,1,6
BRF:6
BRH:6
end_of_record
TN:
SF:C:\_Code\Projects\ideabox\client\src\reducers\ideaReducer.js
FN:1,(anonymous_0)
FNF:1
FNH:1
FNDA:8,(anonymous_0)
DA:1,2
DA:2,8
DA:4,1
DA:6,1
DA:8,6
LF:5
LH:5
BRDA:1,0,0,4
BRDA:2,1,0,1
BRDA:2,1,1,1
BRDA:2,1,2,6
BRF:4
BRH:4
end_of_record
TN:
SF:C:\_Code\Projects\ideabox\client\src\reducers\index.js
FN:11,(anonymous_0)
FNF:1
FNH:1
FNDA:2,(anonymous_0)
DA:5,1
DA:11,1
DA:12,2
DA:13,1
DA:15,2
LF:5
LH:5
BRDA:12,0,0,1
BRDA:12,0,1,1
BRF:2
BRH:2
end_of_record
TN:
SF:C:\_Code\Projects\ideabox\client\src\thunks\index.js
FNF:0
FNH:0
LF:0
LH:0
BRF:0
BRH:0
end_of_record
TN:
SF:C:\_Code\Projects\ideabox\client\src\thunks\thunkAddIdea.js
FN:4,(anonymous_0)
FN:4,(anonymous_1)
FNF:2
FNH:2
FNDA:4,(anonymous_0)
FNDA:4,(anonymous_1)
DA:4,8
DA:5,4
DA:6,4
DA:7,4
DA:8,3
DA:10,1
LF:6
LH:6
BRF:0
BRH:0
end_of_record
TN:
SF:C:\_Code\Projects\ideabox\client\src\thunks\thunkDeleteIdea.js
FN:4,(anonymous_0)
FN:5,(anonymous_1)
FN:9,(anonymous_2)
FNF:3
FNH:3
FNDA:4,(anonymous_0)
FNDA:4,(anonymous_1)
FNDA:3,(anonymous_2)
DA:4,8
DA:5,4
DA:6,4
DA:7,4
DA:8,4
DA:9,3
DA:10,3
DA:12,3
DA:14,1
LF:9
LH:9
BRF:0
BRH:0
end_of_record
TN:
SF:C:\_Code\Projects\ideabox\client\src\thunks\thunkGetIdeas.js
FN:4,(anonymous_0)
FN:5,(anonymous_1)
FNF:2
FNH:2
FNDA:6,(anonymous_0)
FNDA:6,(anonymous_1)
DA:4,8
DA:5,6
DA:6,6
DA:7,6
DA:8,6
DA:9,6
DA:10,4
DA:11,4
DA:13,2
DA:14,2
LF:10
LH:10
BRF:0
BRH:0
end_of_record
TN:
SF:C:\_Code\Projects\ideabox\client\src\thunks\thunkUpdateIdea.js
FN:4,(anonymous_0)
FN:5,(anonymous_1)
FN:9,(anonymous_2)
FNF:3
FNH:3
FNDA:5,(anonymous_0)
FNDA:5,(anonymous_1)
FNDA:4,(anonymous_2)
DA:4,8
DA:5,5
DA:6,5
DA:7,5
DA:8,5
DA:9,4
DA:10,4
DA:11,3
DA:13,1
DA:16,4
DA:18,1
LF:11
LH:11
BRDA:10,0,0,3
BRDA:10,0,1,1
BRF:2
BRH:2
end_of_record
TN:
SF:C:\_Code\Projects\ideabox\client\src\utils\preloadedState.js
FN:1,(anonymous_0)
FN:13,(anonymous_1)
FNF:2
FNH:0
FNDA:0,(anonymous_0)
FNDA:0,(anonymous_1)
DA:1,1
DA:2,0
DA:3,0
DA:4,0
DA:5,0
DA:7,0
DA:9,0
DA:13,1
DA:14,0
DA:15,0
DA:16,0
DA:18,0
LF:12
LH:2
BRDA:4,0,0,0
BRDA:4,0,1,0
BRF:2
BRH:0
end_of_record
